d:\git仓库\ds---learning\prac(11)\prac(11)\debug\vc142.pdb
d:\git仓库\ds---learning\prac(11)\prac(11)\debug\vc142.idb
d:\git仓库\ds---learning\prac(11)\prac(11)\debug\main.obj
d:\git仓库\ds---learning\prac(11)\prac(11)\debug\heap.obj
d:\git仓库\ds---learning\prac(11)\debug\prac(11).pdb
d:\git仓库\ds---learning\prac(11)\prac(11)\debug\prac(11).tlog\cl.command.1.tlog
d:\git仓库\ds---learning\prac(11)\prac(11)\debug\prac(11).tlog\cl.read.1.tlog
d:\git仓库\ds---learning\prac(11)\prac(11)\debug\prac(11).tlog\cl.write.1.tlog
d:\git仓库\ds---learning\prac(11)\prac(11)\debug\prac(11).tlog\link-cvtres.read.1.tlog
d:\git仓库\ds---learning\prac(11)\prac(11)\debug\prac(11).tlog\link-cvtres.write.1.tlog
d:\git仓库\ds---learning\prac(11)\prac(11)\debug\prac(11).tlog\link-rc.read.1.tlog
d:\git仓库\ds---learning\prac(11)\prac(11)\debug\prac(11).tlog\link-rc.write.1.tlog
d:\git仓库\ds---learning\prac(11)\prac(11)\debug\prac(11).tlog\link.15820-cvtres.read.1.tlog
d:\git仓库\ds---learning\prac(11)\prac(11)\debug\prac(11).tlog\link.15820-cvtres.write.1.tlog
d:\git仓库\ds---learning\prac(11)\prac(11)\debug\prac(11).tlog\link.15820-rc.read.1.tlog
d:\git仓库\ds---learning\prac(11)\prac(11)\debug\prac(11).tlog\link.15820-rc.write.1.tlog
d:\git仓库\ds---learning\prac(11)\prac(11)\debug\prac(11).tlog\link.15820.read.1.tlog
d:\git仓库\ds---learning\prac(11)\prac(11)\debug\prac(11).tlog\link.15820.write.1.tlog
d:\git仓库\ds---learning\prac(11)\prac(11)\debug\prac(11).tlog\link.command.1.tlog
d:\git仓库\ds---learning\prac(11)\prac(11)\debug\prac(11).tlog\link.read.1.tlog
d:\git仓库\ds---learning\prac(11)\prac(11)\debug\prac(11).tlog\link.write.1.tlog
