c:\users\mi\desktop\代码文件\linkedlist\linkedlist\debug\vc142.pdb
c:\users\mi\desktop\代码文件\linkedlist\linkedlist\debug\vc142.idb
c:\users\mi\desktop\代码文件\linkedlist\linkedlist\debug\main.obj
c:\users\mi\desktop\代码文件\linkedlist\linkedlist\debug\linkedlist.obj
c:\users\mi\desktop\代码文件\linkedlist\debug\linkedlist.pdb
c:\users\mi\desktop\代码文件\linkedlist\linkedlist\debug\linkedlist.tlog\cl.command.1.tlog
c:\users\mi\desktop\代码文件\linkedlist\linkedlist\debug\linkedlist.tlog\cl.read.1.tlog
c:\users\mi\desktop\代码文件\linkedlist\linkedlist\debug\linkedlist.tlog\cl.write.1.tlog
c:\users\mi\desktop\代码文件\linkedlist\linkedlist\debug\linkedlist.tlog\link-cvtres.read.1.tlog
c:\users\mi\desktop\代码文件\linkedlist\linkedlist\debug\linkedlist.tlog\link-cvtres.write.1.tlog
c:\users\mi\desktop\代码文件\linkedlist\linkedlist\debug\linkedlist.tlog\link-rc.read.1.tlog
c:\users\mi\desktop\代码文件\linkedlist\linkedlist\debug\linkedlist.tlog\link-rc.write.1.tlog
c:\users\mi\desktop\代码文件\linkedlist\linkedlist\debug\linkedlist.tlog\link.12320-cvtres.read.1.tlog
c:\users\mi\desktop\代码文件\linkedlist\linkedlist\debug\linkedlist.tlog\link.12320-cvtres.write.1.tlog
c:\users\mi\desktop\代码文件\linkedlist\linkedlist\debug\linkedlist.tlog\link.12320-rc.read.1.tlog
c:\users\mi\desktop\代码文件\linkedlist\linkedlist\debug\linkedlist.tlog\link.12320-rc.write.1.tlog
c:\users\mi\desktop\代码文件\linkedlist\linkedlist\debug\linkedlist.tlog\link.12320.read.1.tlog
c:\users\mi\desktop\代码文件\linkedlist\linkedlist\debug\linkedlist.tlog\link.12320.write.1.tlog
c:\users\mi\desktop\代码文件\linkedlist\linkedlist\debug\linkedlist.tlog\link.command.1.tlog
c:\users\mi\desktop\代码文件\linkedlist\linkedlist\debug\linkedlist.tlog\link.read.1.tlog
c:\users\mi\desktop\代码文件\linkedlist\linkedlist\debug\linkedlist.tlog\link.write.1.tlog
